<?xml version="1.0" encoding="UTF-8"?>
<!-- Generated by org.testng.reporters.JUnitReportReporter -->
<testsuite name="automationtests.DuplicateFeed" tests="5" time="12.973" ignored="0" failures="0" timestamp="29 Jun 2019 22:41:42 GMT" skipped="0" hostname="Steve-PC" errors="0">
  <testcase name="feedDuplicationValidation" time="0.297" classname="automationtests.DuplicateFeed"/>
  <testcase name="login" time="7.848" classname="automationtests.DuplicateFeed"/>
  <testcase name="confirmDuplicate" time="4.531" classname="automationtests.DuplicateFeed"/>
  <testcase name="when" time="0.180" classname="automationtests.DuplicateFeed"/>
  <testcase name="selectOverflowDuplicate" time="0.117" classname="automationtests.DuplicateFeed"/>
</testsuite> <!-- automationtests.DuplicateFeed -->
