<?xml version="1.0" encoding="UTF-8"?>
<!-- Generated by org.testng.reporters.JUnitReportReporter -->
<testsuite hostname="Steve-PC" name="automationtests.DuplicateFeed" tests="1" failures="0" timestamp="29 Jun 2019 03:03:58 GMT" time="31.360" errors="0">
  <testcase name="login" time="31.360" classname="automationtests.DuplicateFeed"/>
</testsuite> <!-- automationtests.DuplicateFeed -->
